#
# There is insufficient memory for the Java Runtime Environment to continue.
# Native memory allocation (mmap) failed to map 53477376 bytes for Failed to commit area from 0x0000000713c00000 to 0x0000000716f00000 of length 53477376.
# Possible reasons:
#   The system is out of physical RAM or swap space
#   The process is running with CompressedOops enabled, and the Java Heap may be blocking the growth of the native heap
# Possible solutions:
#   Reduce memory load on the system
#   Increase physical memory or swap space
#   Check if swap backing store is full
#   Decrease Java heap size (-Xmx/-Xms)
#   Decrease number of Java threads
#   Decrease Java thread stack sizes (-Xss)
#   Set larger code cache with -XX:ReservedCodeCacheSize=
#   JVM is running with Zero Based Compressed Oops mode in which the Java heap is
#     placed in the first 32GB address space. The Java Heap base address is the
#     maximum limit for the native heap growth. Please use -XX:HeapBaseMinAddress
#     to set the Java Heap base and to place the Java Heap above 32GB virtual address.
# This output file may be truncated or incomplete.
#
#  Out of Memory Error (./open/src/hotspot/os/windows/os_windows.cpp:3298), pid=14132, tid=17552
#
# JRE version: Java(TM) SE Runtime Environment 18.9 (11.0.22+9) (build 11.0.22+9-LTS-219)
# Java VM: Java HotSpot(TM) 64-Bit Server VM 18.9 (11.0.22+9-LTS-219, mixed mode, tiered, compressed oops, g1 gc, windows-amd64)
# No core dump will be written. Minidumps are not enabled by default on client versions of Windows
#

---------------  S U M M A R Y ------------

Command Line: -XX:TieredStopAtLevel=1 -Xverify:none -Dspring.output.ansi.enabled=always -Dcom.sun.management.jmxremote -Dspring.jmx.enabled=true -Dspring.liveBeansView.mbeanDomain -Dspring.application.admin.enabled=true -Dmanagement.endpoints.jmx.exposure.include=* -javaagent:C:\Program Files\JetBrains\IntelliJ IDEA 2024.1.4\lib\idea_rt.jar=51968:C:\Program Files\JetBrains\IntelliJ IDEA 2024.1.4\bin -Dfile.encoding=UTF-8 com.seahere.backend.BackendApplication

Host: 11th Gen Intel(R) Core(TM) i7-11600H @ 2.90GHz, 12 cores, 15G,  Windows 10 , 64 bit Build 19041 (10.0.19041.4597)
Time: Fri Aug  9 10:49:04 2024  Windows 10 , 64 bit Build 19041 (10.0.19041.4597) elapsed time: 5.716414 seconds (0d 0h 0m 5s)

---------------  T H R E A D  ---------------

Current thread (0x000002282fd12000):  VMThread "VM Thread" [stack: 0x000000e768b00000,0x000000e768c00000] [id=17552]

Stack: [0x000000e768b00000,0x000000e768c00000]
[error occurred during error reporting (printing stack bounds), id 0xc0000005, EXCEPTION_ACCESS_VIOLATION (0xc0000005) at pc=0x0000022813bb10e7]

Native frames: (J=compiled Java code, j=interpreted, Vv=VM code, C=native code)
V  [jvm.dll+0x66055a]
V  [jvm.dll+0x7a367f]
V  [jvm.dll+0x7a4d49]
V  [jvm.dll+0x7a5345]
V  [jvm.dll+0x7a52fb]
V  [jvm.dll+0x65fa63]
V  [jvm.dll+0x660158]
C  [ntdll.dll+0xa292f]
C  [ntdll.dll+0x52554]
C  [ntdll.dll+0xa143e]
C  0x0000022813bb10e7

VM_Operation (0x000000e7685fa690): CollectForMetadataAllocation, mode: safepoint, requested by thread 0x000002280c4d3000


---------------  P R O C E S S  ---------------

Threads class SMR info:
_java_thread_list=0x0000022831aec370, length=16, elements={
0x000002280c4d3000, 0x000002282fd13800, 0x000002282fd14800, 0x000002282fd85000,
0x000002282fd88000, 0x000002282fd8b000, 0x000002282fd91800, 0x000002282fd95000,
0x000002282fcd0800, 0x000002283004d000, 0x00000228305d4000, 0x00000228316d3800,
0x0000022831765000, 0x0000022831f63800, 0x0000022831eca800, 0x0000022833278800
}

Java Threads: ( => current thread )
  0x000002280c4d3000 JavaThread "main" [_thread_blocked, id=8904, stack(0x000000e768500000,0x000000e768600000)]
  0x000002282fd13800 JavaThread "Reference Handler" daemon [_thread_blocked, id=21420, stack(0x000000e768c00000,0x000000e768d00000)]
  0x000002282fd14800 JavaThread "Finalizer" daemon [_thread_blocked, id=21348, stack(0x000000e768d00000,0x000000e768e00000)]
  0x000002282fd85000 JavaThread "Signal Dispatcher" daemon [_thread_blocked, id=4840, stack(0x000000e768e00000,0x000000e768f00000)]
  0x000002282fd88000 JavaThread "Attach Listener" daemon [_thread_blocked, id=16504, stack(0x000000e768f00000,0x000000e769000000)]
  0x000002282fd8b000 JavaThread "Service Thread" daemon [_thread_blocked, id=13408, stack(0x000000e769000000,0x000000e769100000)]
  0x000002282fd91800 JavaThread "C1 CompilerThread0" daemon [_thread_blocked, id=11036, stack(0x000000e769100000,0x000000e769200000)]
  0x000002282fd95000 JavaThread "Sweeper thread" daemon [_thread_blocked, id=10128, stack(0x000000e769200000,0x000000e769300000)]
  0x000002282fcd0800 JavaThread "Common-Cleaner" daemon [_thread_blocked, id=17884, stack(0x000000e769300000,0x000000e769400000)]
  0x000002283004d000 JavaThread "Monitor Ctrl-Break" daemon [_thread_in_native, id=15864, stack(0x000000e769400000,0x000000e769500000)]
  0x00000228305d4000 JavaThread "RMI TCP Accept-0" daemon [_thread_in_native, id=13788, stack(0x000000e769500000,0x000000e769600000)]
  0x00000228316d3800 JavaThread "RMI TCP Connection(idle)" daemon [_thread_blocked, id=2204, stack(0x000000e769f00000,0x000000e76a000000)]
  0x0000022831765000 JavaThread "RMI Scheduler(0)" daemon [_thread_blocked, id=7700, stack(0x000000e76a000000,0x000000e76a100000)]
  0x0000022831f63800 JavaThread "mysql-cj-abandoned-connection-cleanup" daemon [_thread_blocked, id=6236, stack(0x000000e769c00000,0x000000e769d00000)]
  0x0000022831eca800 JavaThread "HikariPool-1 housekeeper" daemon [_thread_blocked, id=5768, stack(0x000000e76a100000,0x000000e76a200000)]
  0x0000022833278800 JavaThread "HikariPool-1 connection adder" daemon [_thread_blocked, id=5696, stack(0x000000e76a200000,0x000000e76a300000)]

Other Threads:
=>0x000002282fd12000 VMThread "VM Thread" [stack: 0x000000e768b00000,0x000000e768c00000] [id=17552]
  0x0000022830655800 WatcherThread [stack: 0x000000e769600000,0x000000e769700000] [id=19696]
  0x000002280c4e7800 GCTaskThread "GC Thread#0" [stack: 0x000000e768600000,0x000000e768700000] [id=18064]
  0x00000228311d9000 GCTaskThread "GC Thread#1" [stack: 0x000000e769700000,0x000000e769800000] [id=20700]
  0x00000228311f3000 GCTaskThread "GC Thread#2" [stack: 0x000000e769800000,0x000000e769900000] [id=8072]
  0x00000228311f4000 GCTaskThread "GC Thread#3" [stack: 0x000000e769900000,0x000000e769a00000] [id=14684]
  0x00000228311f4800 GCTaskThread "GC Thread#4" [stack: 0x000000e769a00000,0x000000e769b00000] [id=8324]
  0x00000228311f6000 GCTaskThread "GC Thread#5" [stack: 0x000000e769b00000,0x000000e769c00000] [id=20416]
  0x000002280c546000 ConcurrentGCThread "G1 Main Marker" [stack: 0x000000e768700000,0x000000e768800000] [id=16428]
  0x000002280c54a800 ConcurrentGCThread "G1 Conc#0" [stack: 0x000000e768800000,0x000000e768900000] [id=3248]
  0x0000022831339000 ConcurrentGCThread "G1 Conc#1" [stack: 0x000000e769d00000,0x000000e769e00000] [id=14272]
  0x00000228314c4000 ConcurrentGCThread "G1 Conc#2" [stack: 0x000000e769e00000,0x000000e769f00000] [id=268]
  0x000002282ecf3800 ConcurrentGCThread "G1 Refine#0" [stack: 0x000000e768900000,0x000000e768a00000] [id=18908]
  0x000002282ecf4800 ConcurrentGCThread "G1 Young RemSet Sampling" [stack: 0x000000e768a00000,0x000000e768b00000] [id=11980]

Threads with active compile tasks:

VM state:at safepoint (normal execution)

VM Mutex/Monitor currently owned by a thread:  ([mutex/lock_event])
[0x000002280c4cf1b0] Threads_lock - owner thread: 0x000002282fd12000
[0x000002280c4d0710] Heap_lock - owner thread: 0x000002280c4d3000

Heap address: 0x0000000704000000, size: 4032 MB, Compressed Oops mode: Zero based, Oop shift amount: 3
Narrow klass base: 0x0000000800000000, Narrow klass shift: 0
Compressed class space size: 1073741824 Address: 0x0000000800000000

Heap:
 garbage-first heap   total 310272K, used 26185K [0x0000000704000000, 0x0000000800000000)
  region size 1024K, 10 young (10240K), 10 survivors (10240K)
 Metaspace       used 58793K, capacity 60343K, committed 60420K, reserved 1101824K
  class space    used 7638K, capacity 8306K, committed 8320K, reserved 1048576K
Heap Regions: E=young(eden), S=young(survivor), O=old, HS=humongous(starts), HC=humongous(continues), CS=collection set, F=free, A=archive, TAMS=top-at-mark-start (previous, next)
|   0|0x0000000704000000, 0x0000000704100000, 0x0000000704100000|100%|HS|  |TAMS 0x0000000704100000, 0x0000000704100000| Complete 
|   1|0x0000000704100000, 0x0000000704200000, 0x0000000704200000|100%| O|  |TAMS 0x0000000704200000, 0x0000000704200000| Untracked 
|   2|0x0000000704200000, 0x0000000704300000, 0x0000000704300000|100%| O|  |TAMS 0x0000000704300000, 0x0000000704300000| Untracked 
|   3|0x0000000704300000, 0x0000000704400000, 0x0000000704400000|100%| O|  |TAMS 0x0000000704400000, 0x0000000704400000| Untracked 
|   4|0x0000000704400000, 0x0000000704500000, 0x0000000704500000|100%| O|  |TAMS 0x0000000704500000, 0x0000000704500000| Untracked 
|   5|0x0000000704500000, 0x0000000704600000, 0x0000000704600000|100%| O|  |TAMS 0x0000000704600000, 0x0000000704600000| Untracked 
|   6|0x0000000704600000, 0x0000000704700000, 0x0000000704700000|100%| O|  |TAMS 0x0000000704700000, 0x0000000704700000| Untracked 
|   7|0x0000000704700000, 0x0000000704800000, 0x0000000704800000|100%| O|  |TAMS 0x0000000704800000, 0x0000000704800000| Untracked 
|   8|0x0000000704800000, 0x0000000704900000, 0x0000000704900000|100%| O|  |TAMS 0x00000007048bd600, 0x0000000704900000| Untracked 
|   9|0x0000000704900000, 0x0000000704a00000, 0x0000000704a00000|100%| O|  |TAMS 0x0000000704900000, 0x0000000704a00000| Untracked 
|  10|0x0000000704a00000, 0x0000000704b00000, 0x0000000704b00000|100%| O|  |TAMS 0x0000000704a00000, 0x0000000704b00000| Untracked 
|  11|0x0000000704b00000, 0x0000000704c00000, 0x0000000704c00000|100%| O|  |TAMS 0x0000000704b00000, 0x0000000704c00000| Untracked 
|  12|0x0000000704c00000, 0x0000000704d00000, 0x0000000704d00000|100%| O|  |TAMS 0x0000000704c00000, 0x0000000704d00000| Untracked 
|  13|0x0000000704d00000, 0x0000000704e00000, 0x0000000704e00000|100%| O|  |TAMS 0x0000000704d00000, 0x0000000704e00000| Untracked 
|  14|0x0000000704e00000, 0x0000000704f00000, 0x0000000704f00000|100%| O|  |TAMS 0x0000000704e00000, 0x0000000704f00000| Untracked 
|  15|0x0000000704f00000, 0x0000000704fd5a00, 0x0000000705000000| 83%| O|  |TAMS 0x0000000704f00000, 0x0000000704fd5a00| Untracked 
|  16|0x0000000705000000, 0x0000000705000000, 0x0000000705100000|  0%| F|  |TAMS 0x0000000705000000, 0x0000000705000000| Untracked 
|  17|0x0000000705100000, 0x0000000705100000, 0x0000000705200000|  0%| F|  |TAMS 0x0000000705100000, 0x0000000705100000| Untracked 
|  18|0x0000000705200000, 0x0000000705200000, 0x0000000705300000|  0%| F|  |TAMS 0x0000000705200000, 0x0000000705200000| Untracked 
|  19|0x0000000705300000, 0x0000000705300000, 0x0000000705400000|  0%| F|  |TAMS 0x0000000705300000, 0x0000000705300000| Untracked 
|  20|0x0000000705400000, 0x0000000705400000, 0x0000000705500000|  0%| F|  |TAMS 0x0000000705400000, 0x0000000705400000| Untracked 
|  21|0x0000000705500000, 0x0000000705500000, 0x0000000705600000|  0%| F|  |TAMS 0x0000000705500000, 0x0000000705500000| Untracked 
|  22|0x0000000705600000, 0x0000000705600000, 0x0000000705700000|  0%| F|  |TAMS 0x0000000705600000, 0x0000000705600000| Untracked 
|  23|0x0000000705700000, 0x0000000705700000, 0x0000000705800000|  0%| F|  |TAMS 0x0000000705700000, 0x0000000705700000| Untracked 
|  24|0x0000000705800000, 0x0000000705800000, 0x0000000705900000|  0%| F|  |TAMS 0x0000000705800000, 0x0000000705800000| Untracked 
|  25|0x0000000705900000, 0x0000000705900000, 0x0000000705a00000|  0%| F|  |TAMS 0x0000000705900000, 0x0000000705900000| Untracked 
|  26|0x0000000705a00000, 0x0000000705a00000, 0x0000000705b00000|  0%| F|  |TAMS 0x0000000705a00000, 0x0000000705a00000| Untracked 
|  27|0x0000000705b00000, 0x0000000705b00000, 0x0000000705c00000|  0%| F|  |TAMS 0x0000000705b00000, 0x0000000705b00000| Untracked 
|  28|0x0000000705c00000, 0x0000000705c00000, 0x0000000705d00000|  0%| F|  |TAMS 0x0000000705c00000, 0x0000000705c00000| Untracked 
|  29|0x0000000705d00000, 0x0000000705d00000, 0x0000000705e00000|  0%| F|  |TAMS 0x0000000705d00000, 0x0000000705d00000| Untracked 
|  30|0x0000000705e00000, 0x0000000705e00000, 0x0000000705f00000|  0%| F|  |TAMS 0x0000000705e00000, 0x0000000705e00000| Untracked 
|  31|0x0000000705f00000, 0x0000000705f00000, 0x0000000706000000|  0%| F|  |TAMS 0x0000000705f00000, 0x0000000705f00000| Untracked 
|  32|0x0000000706000000, 0x0000000706000000, 0x0000000706100000|  0%| F|  |TAMS 0x0000000706000000, 0x0000000706000000| Untracked 
|  33|0x0000000706100000, 0x0000000706100000, 0x0000000706200000|  0%| F|  |TAMS 0x0000000706100000, 0x0000000706100000| Untracked 
|  34|0x0000000706200000, 0x0000000706200000, 0x0000000706300000|  0%| F|  |TAMS 0x0000000706200000, 0x0000000706200000| Untracked 
|  35|0x0000000706300000, 0x0000000706300000, 0x0000000706400000|  0%| F|  |TAMS 0x0000000706300000, 0x0000000706300000| Untracked 
|  36|0x0000000706400000, 0x0000000706400000, 0x0000000706500000|  0%| F|  |TAMS 0x0000000706400000, 0x0000000706400000| Untracked 
|  37|0x0000000706500000, 0x0000000706500000, 0x0000000706600000|  0%| F|  |TAMS 0x0000000706500000, 0x0000000706500000| Untracked 
|  38|0x0000000706600000, 0x0000000706600000, 0x0000000706700000|  0%| F|  |TAMS 0x0000000706600000, 0x0000000706600000| Untracked 
|  39|0x0000000706700000, 0x0000000706700000, 0x0000000706800000|  0%| F|  |TAMS 0x0000000706700000, 0x0000000706700000| Untracked 
|  40|0x0000000706800000, 0x0000000706800000, 0x0000000706900000|  0%| F|  |TAMS 0x0000000706800000, 0x0000000706800000| Untracked 
|  41|0x0000000706900000, 0x0000000706900000, 0x0000000706a00000|  0%| F|  |TAMS 0x0000000706900000, 0x0000000706900000| Untracked 
|  42|0x0000000706a00000, 0x0000000706a00000, 0x0000000706b00000|  0%| F|  |TAMS 0x0000000706a00000, 0x0000000706a00000| Untracked 
|  43|0x0000000706b00000, 0x0000000706b00000, 0x0000000706c00000|  0%| F|  |TAMS 0x0000000706b00000, 0x0000000706b00000| Untracked 
|  44|0x0000000706c00000, 0x0000000706c00000, 0x0000000706d00000|  0%| F|  |TAMS 0x0000000706c00000, 0x0000000706c00000| Untracked 
|  45|0x0000000706d00000, 0x0000000706d00000, 0x0000000706e00000|  0%| F|  |TAMS 0x0000000706d00000, 0x0000000706d00000| Untracked 
|  46|0x0000000706e00000, 0x0000000706e00000, 0x0000000706f00000|  0%| F|  |TAMS 0x0000000706e00000, 0x0000000706e00000| Untracked 
|  47|0x0000000706f00000, 0x0000000706f00000, 0x0000000707000000|  0%| F|  |TAMS 0x0000000706f00000, 0x0000000706f00000| Untracked 
|  48|0x0000000707000000, 0x0000000707000000, 0x0000000707100000|  0%| F|  |TAMS 0x0000000707000000, 0x0000000707000000| Untracked 
|  49|0x0000000707100000, 0x0000000707100000, 0x0000000707200000|  0%| F|  |TAMS 0x0000000707100000, 0x0000000707100000| Untracked 
|  50|0x0000000707200000, 0x0000000707200000, 0x0000000707300000|  0%| F|  |TAMS 0x0000000707200000, 0x0000000707200000| Untracked 
|  51|0x0000000707300000, 0x0000000707300000, 0x0000000707400000|  0%| F|  |TAMS 0x0000000707300000, 0x0000000707300000| Untracked 
|  52|0x0000000707400000, 0x0000000707400000, 0x0000000707500000|  0%| F|  |TAMS 0x0000000707400000, 0x0000000707400000| Untracked 
|  53|0x0000000707500000, 0x0000000707500000, 0x0000000707600000|  0%| F|  |TAMS 0x0000000707500000, 0x0000000707500000| Untracked 
|  54|0x0000000707600000, 0x0000000707600000, 0x0000000707700000|  0%| F|  |TAMS 0x0000000707600000, 0x0000000707600000| Untracked 
|  55|0x0000000707700000, 0x0000000707700000, 0x0000000707800000|  0%| F|  |TAMS 0x0000000707700000, 0x0000000707700000| Untracked 
|  56|0x0000000707800000, 0x0000000707800000, 0x0000000707900000|  0%| F|  |TAMS 0x0000000707800000, 0x0000000707800000| Untracked 
|  57|0x0000000707900000, 0x0000000707900000, 0x0000000707a00000|  0%| F|  |TAMS 0x0000000707900000, 0x0000000707900000| Untracked 
|  58|0x0000000707a00000, 0x0000000707a00000, 0x0000000707b00000|  0%| F|  |TAMS 0x0000000707a00000, 0x0000000707a00000| Untracked 
|  59|0x0000000707b00000, 0x0000000707b00000, 0x0000000707c00000|  0%| F|  |TAMS 0x0000000707b00000, 0x0000000707b00000| Untracked 
|  60|0x0000000707c00000, 0x0000000707c00000, 0x0000000707d00000|  0%| F|  |TAMS 0x0000000707c00000, 0x0000000707c00000| Untracked 
|  61|0x0000000707d00000, 0x0000000707d00000, 0x0000000707e00000|  0%| F|  |TAMS 0x0000000707d00000, 0x0000000707d00000| Untracked 
|  62|0x0000000707e00000, 0x0000000707e00000, 0x0000000707f00000|  0%| F|  |TAMS 0x0000000707e00000, 0x0000000707e00000| Untracked 
|  63|0x0000000707f00000, 0x0000000707f00000, 0x0000000708000000|  0%| F|  |TAMS 0x0000000707f00000, 0x0000000707f00000| Untracked 
|  64|0x0000000708000000, 0x0000000708000000, 0x0000000708100000|  0%| F|  |TAMS 0x0000000708000000, 0x0000000708000000| Untracked 
|  65|0x0000000708100000, 0x0000000708100000, 0x0000000708200000|  0%| F|  |TAMS 0x0000000708100000, 0x0000000708100000| Untracked 
|  66|0x0000000708200000, 0x0000000708200000, 0x0000000708300000|  0%| F|  |TAMS 0x0000000708200000, 0x0000000708200000| Untracked 
|  67|0x0000000708300000, 0x0000000708300000, 0x0000000708400000|  0%| F|  |TAMS 0x0000000708300000, 0x0000000708300000| Untracked 
|  68|0x0000000708400000, 0x0000000708400000, 0x0000000708500000|  0%| F|  |TAMS 0x0000000708400000, 0x0000000708400000| Untracked 
|  69|0x0000000708500000, 0x0000000708500000, 0x0000000708600000|  0%| F|  |TAMS 0x0000000708500000, 0x0000000708500000| Untracked 
|  70|0x0000000708600000, 0x0000000708600000, 0x0000000708700000|  0%| F|  |TAMS 0x0000000708600000, 0x0000000708600000| Untracked 
|  71|0x0000000708700000, 0x0000000708700000, 0x0000000708800000|  0%| F|  |TAMS 0x0000000708700000, 0x0000000708700000| Untracked 
|  72|0x0000000708800000, 0x0000000708800000, 0x0000000708900000|  0%| F|  |TAMS 0x0000000708800000, 0x0000000708800000| Untracked 
|  73|0x0000000708900000, 0x0000000708900000, 0x0000000708a00000|  0%| F|  |TAMS 0x0000000708900000, 0x0000000708900000| Untracked 
|  74|0x0000000708a00000, 0x0000000708a00000, 0x0000000708b00000|  0%| F|  |TAMS 0x0000000708a00000, 0x0000000708a00000| Untracked 
|  75|0x0000000708b00000, 0x0000000708b00000, 0x0000000708c00000|  0%| F|  |TAMS 0x0000000708b00000, 0x0000000708b00000| Untracked 
|  76|0x0000000708c00000, 0x0000000708c00000, 0x0000000708d00000|  0%| F|  |TAMS 0x0000000708c00000, 0x0000000708c00000| Untracked 
|  77|0x0000000708d00000, 0x0000000708d00000, 0x0000000708e00000|  0%| F|  |TAMS 0x0000000708d00000, 0x0000000708d00000| Untracked 
|  78|0x0000000708e00000, 0x0000000708e00000, 0x0000000708f00000|  0%| F|  |TAMS 0x0000000708e00000, 0x0000000708e00000| Untracked 
|  79|0x0000000708f00000, 0x0000000708f00000, 0x0000000709000000|  0%| F|  |TAMS 0x0000000708f00000, 0x0000000708f00000| Untracked 
|  80|0x0000000709000000, 0x0000000709000000, 0x0000000709100000|  0%| F|  |TAMS 0x0000000709000000, 0x0000000709000000| Untracked 
|  81|0x0000000709100000, 0x0000000709100000, 0x0000000709200000|  0%| F|  |TAMS 0x0000000709100000, 0x0000000709100000| Untracked 
|  82|0x0000000709200000, 0x0000000709200000, 0x0000000709300000|  0%| F|  |TAMS 0x0000000709200000, 0x0000000709200000| Untracked 
|  83|0x0000000709300000, 0x0000000709300000, 0x0000000709400000|  0%| F|  |TAMS 0x0000000709300000, 0x0000000709300000| Untracked 
|  84|0x0000000709400000, 0x0000000709400000, 0x0000000709500000|  0%| F|  |TAMS 0x0000000709400000, 0x0000000709400000| Untracked 
|  85|0x0000000709500000, 0x0000000709500000, 0x0000000709600000|  0%| F|  |TAMS 0x0000000709500000, 0x0000000709500000| Untracked 
|  86|0x0000000709600000, 0x0000000709600000, 0x0000000709700000|  0%| F|  |TAMS 0x0000000709600000, 0x0000000709600000| Untracked 
|  87|0x0000000709700000, 0x0000000709700000, 0x0000000709800000|  0%| F|  |TAMS 0x0000000709700000, 0x0000000709700000| Untracked 
|  88|0x0000000709800000, 0x0000000709800000, 0x0000000709900000|  0%| F|  |TAMS 0x0000000709800000, 0x0000000709800000| Untracked 
|  89|0x0000000709900000, 0x0000000709900000, 0x0000000709a00000|  0%| F|  |TAMS 0x0000000709900000, 0x0000000709900000| Untracked 
|  90|0x0000000709a00000, 0x0000000709a00000, 0x0000000709b00000|  0%| F|  |TAMS 0x0000000709a00000, 0x0000000709a00000| Untracked 
|  91|0x0000000709b00000, 0x0000000709b00000, 0x0000000709c00000|  0%| F|  |TAMS 0x0000000709b00000, 0x0000000709b00000| Untracked 
|  92|0x0000000709c00000, 0x0000000709c00000, 0x0000000709d00000|  0%| F|  |TAMS 0x0000000709c00000, 0x0000000709c00000| Untracked 
|  93|0x0000000709d00000, 0x0000000709d00000, 0x0000000709e00000|  0%| F|  |TAMS 0x0000000709d00000, 0x0000000709d00000| Untracked 
|  94|0x0000000709e00000, 0x0000000709e00000, 0x0000000709f00000|  0%| F|  |TAMS 0x0000000709e00000, 0x0000000709e00000| Untracked 
|  95|0x0000000709f00000, 0x0000000709f00000, 0x000000070a000000|  0%| F|  |TAMS 0x0000000709f00000, 0x0000000709f00000| Untracked 
|  96|0x000000070a000000, 0x000000070a000000, 0x000000070a100000|  0%| F|  |TAMS 0x000000070a000000, 0x000000070a000000| Untracked 
|  97|0x000000070a100000, 0x000000070a100000, 0x000000070a200000|  0%| F|  |TAMS 0x000000070a100000, 0x000000070a100000| Untracked 
|  98|0x000000070a200000, 0x000000070a200000, 0x000000070a300000|  0%| F|  |TAMS 0x000000070a200000, 0x000000070a200000| Untracked 
|  99|0x000000070a300000, 0x000000070a300000, 0x000000070a400000|  0%| F|  |TAMS 0x000000070a300000, 0x000000070a300000| Untracked 
| 100|0x000000070a400000, 0x000000070a400000, 0x000000070a500000|  0%| F|  |TAMS 0x000000070a400000, 0x000000070a400000| Untracked 
| 101|0x000000070a500000, 0x000000070a500000, 0x000000070a600000|  0%| F|  |TAMS 0x000000070a500000, 0x000000070a500000| Untracked 
| 102|0x000000070a600000, 0x000000070a600000, 0x000000070a700000|  0%| F|  |TAMS 0x000000070a600000, 0x000000070a600000| Untracked 
| 103|0x000000070a700000, 0x000000070a700000, 0x000000070a800000|  0%| F|  |TAMS 0x000000070a700000, 0x000000070a700000| Untracked 
| 104|0x000000070a800000, 0x000000070a800000, 0x000000070a900000|  0%| F|  |TAMS 0x000000070a800000, 0x000000070a800000| Untracked 
| 105|0x000000070a900000, 0x000000070a900000, 0x000000070aa00000|  0%| F|  |TAMS 0x000000070a900000, 0x000000070a900000| Untracked 
| 106|0x000000070aa00000, 0x000000070aa00000, 0x000000070ab00000|  0%| F|  |TAMS 0x000000070aa00000, 0x000000070aa00000| Untracked 
| 107|0x000000070ab00000, 0x000000070ab00000, 0x000000070ac00000|  0%| F|  |TAMS 0x000000070ab00000, 0x000000070ab00000| Untracked 
| 108|0x000000070ac00000, 0x000000070ac00000, 0x000000070ad00000|  0%| F|  |TAMS 0x000000070ac00000, 0x000000070ac00000| Untracked 
| 109|0x000000070ad00000, 0x000000070ad00000, 0x000000070ae00000|  0%| F|  |TAMS 0x000000070ad00000, 0x000000070ad00000| Untracked 
| 110|0x000000070ae00000, 0x000000070ae00000, 0x000000070af00000|  0%| F|  |TAMS 0x000000070ae00000, 0x000000070ae00000| Untracked 
| 111|0x000000070af00000, 0x000000070af00000, 0x000000070b000000|  0%| F|  |TAMS 0x000000070af00000, 0x000000070af00000| Untracked 
| 112|0x000000070b000000, 0x000000070b000000, 0x000000070b100000|  0%| F|  |TAMS 0x000000070b000000, 0x000000070b000000| Untracked 
| 113|0x000000070b100000, 0x000000070b100000, 0x000000070b200000|  0%| F|  |TAMS 0x000000070b100000, 0x000000070b100000| Untracked 
| 114|0x000000070b200000, 0x000000070b200000, 0x000000070b300000|  0%| F|  |TAMS 0x000000070b200000, 0x000000070b200000| Untracked 
| 115|0x000000070b300000, 0x000000070b300000, 0x000000070b400000|  0%| F|  |TAMS 0x000000070b300000, 0x000000070b300000| Untracked 
| 116|0x000000070b400000, 0x000000070b400000, 0x000000070b500000|  0%| F|  |TAMS 0x000000070b400000, 0x000000070b400000| Untracked 
| 117|0x000000070b500000, 0x000000070b500000, 0x000000070b600000|  0%| F|  |TAMS 0x000000070b500000, 0x000000070b500000| Untracked 
| 118|0x000000070b600000, 0x000000070b600000, 0x000000070b700000|  0%| F|  |TAMS 0x000000070b600000, 0x000000070b600000| Untracked 
| 119|0x000000070b700000, 0x000000070b700000, 0x000000070b800000|  0%| F|  |TAMS 0x000000070b700000, 0x000000070b700000| Untracked 
| 120|0x000000070b800000, 0x000000070b800000, 0x000000070b900000|  0%| F|  |TAMS 0x000000070b800000, 0x000000070b800000| Untracked 
| 121|0x000000070b900000, 0x000000070b900000, 0x000000070ba00000|  0%| F|  |TAMS 0x000000070b900000, 0x000000070b900000| Untracked 
| 122|0x000000070ba00000, 0x000000070ba00000, 0x000000070bb00000|  0%| F|  |TAMS 0x000000070ba00000, 0x000000070ba00000| Untracked 
| 123|0x000000070bb00000, 0x000000070bb00000, 0x000000070bc00000|  0%| F|  |TAMS 0x000000070bb00000, 0x000000070bb00000| Untracked 
| 124|0x000000070bc00000, 0x000000070bc00000, 0x000000070bd00000|  0%| F|  |TAMS 0x000000070bc00000, 0x000000070bc00000| Untracked 
| 125|0x000000070bd00000, 0x000000070bd00000, 0x000000070be00000|  0%| F|  |TAMS 0x000000070bd00000, 0x000000070bd00000| Untracked 
| 126|0x000000070be00000, 0x000000070be00000, 0x000000070bf00000|  0%| F|  |TAMS 0x000000070be00000, 0x000000070be00000| Untracked 
| 127|0x000000070bf00000, 0x000000070bf00000, 0x000000070c000000|  0%| F|  |TAMS 0x000000070bf00000, 0x000000070bf00000| Untracked 
| 128|0x000000070c000000, 0x000000070c000000, 0x000000070c100000|  0%| F|  |TAMS 0x000000070c000000, 0x000000070c000000| Untracked 
| 129|0x000000070c100000, 0x000000070c100000, 0x000000070c200000|  0%| F|  |TAMS 0x000000070c100000, 0x000000070c100000| Untracked 
| 130|0x000000070c200000, 0x000000070c200000, 0x000000070c300000|  0%| F|  |TAMS 0x000000070c200000, 0x000000070c200000| Untracked 
| 131|0x000000070c300000, 0x000000070c300000, 0x000000070c400000|  0%| F|  |TAMS 0x000000070c300000, 0x000000070c300000| Untracked 
| 132|0x000000070c400000, 0x000000070c400000, 0x000000070c500000|  0%| F|  |TAMS 0x000000070c400000, 0x000000070c400000| Untracked 
| 133|0x000000070c500000, 0x000000070c500000, 0x000000070c600000|  0%| F|  |TAMS 0x000000070c500000, 0x000000070c500000| Untracked 
| 134|0x000000070c600000, 0x000000070c600000, 0x000000070c700000|  0%| F|  |TAMS 0x000000070c600000, 0x000000070c600000| Untracked 
| 135|0x000000070c700000, 0x000000070c700000, 0x000000070c800000|  0%| F|  |TAMS 0x000000070c700000, 0x000000070c700000| Untracked 
| 136|0x000000070c800000, 0x000000070c800000, 0x000000070c900000|  0%| F|  |TAMS 0x000000070c800000, 0x000000070c800000| Untracked 
| 137|0x000000070c900000, 0x000000070c900000, 0x000000070ca00000|  0%| F|  |TAMS 0x000000070c900000, 0x000000070c900000| Untracked 
| 138|0x000000070ca00000, 0x000000070ca00000, 0x000000070cb00000|  0%| F|  |TAMS 0x000000070ca00000, 0x000000070ca00000| Untracked 
| 139|0x000000070cb00000, 0x000000070cb00000, 0x000000070cc00000|  0%| F|  |TAMS 0x000000070cb00000, 0x000000070cb00000| Untracked 
| 140|0x000000070cc00000, 0x000000070cc00000, 0x000000070cd00000|  0%| F|  |TAMS 0x000000070cc00000, 0x000000070cc00000| Untracked 
| 141|0x000000070cd00000, 0x000000070cd00000, 0x000000070ce00000|  0%| F|  |TAMS 0x000000070cd00000, 0x000000070cd00000| Untracked 
| 142|0x000000070ce00000, 0x000000070ce00000, 0x000000070cf00000|  0%| F|  |TAMS 0x000000070ce00000, 0x000000070ce00000| Untracked 
| 143|0x000000070cf00000, 0x000000070cf00000, 0x000000070d000000|  0%| F|  |TAMS 0x000000070cf00000, 0x000000070cf00000| Untracked 
| 144|0x000000070d000000, 0x000000070d000000, 0x000000070d100000|  0%| F|  |TAMS 0x000000070d000000, 0x000000070d000000| Untracked 
| 145|0x000000070d100000, 0x000000070d100000, 0x000000070d200000|  0%| F|  |TAMS 0x000000070d100000, 0x000000070d100000| Untracked 
| 146|0x000000070d200000, 0x000000070d200000, 0x000000070d300000|  0%| F|  |TAMS 0x000000070d200000, 0x000000070d200000| Untracked 
| 147|0x000000070d300000, 0x000000070d3bcd60, 0x000000070d400000| 73%| S|CS|TAMS 0x000000070d300000, 0x000000070d300000| Complete 
| 148|0x000000070d400000, 0x000000070d500000, 0x000000070d500000|100%| S|CS|TAMS 0x000000070d400000, 0x000000070d400000| Complete 
| 149|0x000000070d500000, 0x000000070d600000, 0x000000070d600000|100%| S|CS|TAMS 0x000000070d500000, 0x000000070d500000| Complete 
| 150|0x000000070d600000, 0x000000070d700000, 0x000000070d700000|100%| S|CS|TAMS 0x000000070d600000, 0x000000070d600000| Complete 
| 151|0x000000070d700000, 0x000000070d800000, 0x000000070d800000|100%| S|CS|TAMS 0x000000070d700000, 0x000000070d700000| Complete 
| 152|0x000000070d800000, 0x000000070d900000, 0x000000070d900000|100%| S|CS|TAMS 0x000000070d800000, 0x000000070d800000| Complete 
| 153|0x000000070d900000, 0x000000070da00000, 0x000000070da00000|100%| S|CS|TAMS 0x000000070d900000, 0x000000070d900000| Complete 
| 154|0x000000070da00000, 0x000000070db00000, 0x000000070db00000|100%| S|CS|TAMS 0x000000070da00000, 0x000000070da00000| Complete 
| 155|0x000000070db00000, 0x000000070dc00000, 0x000000070dc00000|100%| S|CS|TAMS 0x000000070db00000, 0x000000070db00000| Complete 
| 156|0x000000070dc00000, 0x000000070dd00000, 0x000000070dd00000|100%| S|CS|TAMS 0x000000070dc00000, 0x000000070dc00000| Complete 
| 157|0x000000070dd00000, 0x000000070dd00000, 0x000000070de00000|  0%| F|  |TAMS 0x000000070dd00000, 0x000000070dd00000| Untracked 
| 158|0x000000070de00000, 0x000000070de00000, 0x000000070df00000|  0%| F|  |TAMS 0x000000070de00000, 0x000000070de00000| Untracked 
| 159|0x000000070df00000, 0x000000070df00000, 0x000000070e000000|  0%| F|  |TAMS 0x000000070df00000, 0x000000070df00000| Untracked 
| 160|0x000000070e000000, 0x000000070e000000, 0x000000070e100000|  0%| F|  |TAMS 0x000000070e000000, 0x000000070e000000| Untracked 
| 161|0x000000070e100000, 0x000000070e100000, 0x000000070e200000|  0%| F|  |TAMS 0x000000070e100000, 0x000000070e100000| Untracked 
| 162|0x000000070e200000, 0x000000070e200000, 0x000000070e300000|  0%| F|  |TAMS 0x000000070e200000, 0x000000070e200000| Untracked 
| 163|0x000000070e300000, 0x000000070e300000, 0x000000070e400000|  0%| F|  |TAMS 0x000000070e300000, 0x000000070e300000| Untracked 
| 164|0x000000070e400000, 0x000000070e400000, 0x000000070e500000|  0%| F|  |TAMS 0x000000070e400000, 0x000000070e400000| Untracked 
| 165|0x000000070e500000, 0x000000070e500000, 0x000000070e600000|  0%| F|  |TAMS 0x000000070e500000, 0x000000070e500000| Untracked 
| 166|0x000000070e600000, 0x000000070e600000, 0x000000070e700000|  0%| F|  |TAMS 0x000000070e600000, 0x000000070e600000| Untracked 
| 167|0x000000070e700000, 0x000000070e700000, 0x000000070e800000|  0%| F|  |TAMS 0x000000070e700000, 0x000000070e700000| Untracked 
| 168|0x000000070e800000, 0x000000070e800000, 0x000000070e900000|  0%| F|  |TAMS 0x000000070e800000, 0x000000070e800000| Untracked 
| 169|0x000000070e900000, 0x000000070e900000, 0x000000070ea00000|  0%| F|  |TAMS 0x000000070e900000, 0x000000070e900000| Untracked 
| 170|0x000000070ea00000, 0x000000070ea00000, 0x000000070eb00000|  0%| F|  |TAMS 0x000000070ea00000, 0x000000070ea00000| Untracked 
| 171|0x000000070eb00000, 0x000000070eb00000, 0x000000070ec00000|  0%| F|  |TAMS 0x000000070eb00000, 0x000000070eb00000| Untracked 
| 172|0x000000070ec00000, 0x000000070ec00000, 0x000000070ed00000|  0%| F|  |TAMS 0x000000070ec00000, 0x000000070ec00000| Untracked 
| 173|0x000000070ed00000, 0x000000070ed00000, 0x000000070ee00000|  0%| F|  |TAMS 0x000000070ed00000, 0x000000070ed00000| Untracked 
| 174|0x000000070ee00000, 0x000000070ee00000, 0x000000070ef00000|  0%| F|  |TAMS 0x000000070ee00000, 0x000000070ee00000| Untracked 
| 175|0x000000070ef00000, 0x000000070ef00000, 0x000000070f000000|  0%| F|  |TAMS 0x000000070ef00000, 0x000000070ef00000| Untracked 
| 176|0x000000070f000000, 0x000000070f000000, 0x000000070f100000|  0%| F|  |TAMS 0x000000070f000000, 0x000000070f000000| Untracked 
| 177|0x000000070f100000, 0x000000070f100000, 0x000000070f200000|  0%| F|  |TAMS 0x000000070f100000, 0x000000070f100000| Untracked 
| 178|0x000000070f200000, 0x000000070f200000, 0x000000070f300000|  0%| F|  |TAMS 0x000000070f200000, 0x000000070f200000| Untracked 
| 179|0x000000070f300000, 0x000000070f300000, 0x000000070f400000|  0%| F|  |TAMS 0x000000070f300000, 0x000000070f300000| Untracked 
| 180|0x000000070f400000, 0x000000070f400000, 0x000000070f500000|  0%| F|  |TAMS 0x000000070f400000, 0x000000070f400000| Untracked 
| 181|0x000000070f500000, 0x000000070f500000, 0x000000070f600000|  0%| F|  |TAMS 0x000000070f500000, 0x000000070f500000| Untracked 
| 182|0x000000070f600000, 0x000000070f600000, 0x000000070f700000|  0%| F|  |TAMS 0x000000070f600000, 0x000000070f600000| Untracked 
| 183|0x000000070f700000, 0x000000070f700000, 0x000000070f800000|  0%| F|  |TAMS 0x000000070f700000, 0x000000070f700000| Untracked 
| 184|0x000000070f800000, 0x000000070f800000, 0x000000070f900000|  0%| F|  |TAMS 0x000000070f800000, 0x000000070f800000| Untracked 
| 185|0x000000070f900000, 0x000000070f900000, 0x000000070fa00000|  0%| F|  |TAMS 0x000000070f900000, 0x000000070f900000| Untracked 
| 186|0x000000070fa00000, 0x000000070fa00000, 0x000000070fb00000|  0%| F|  |TAMS 0x000000070fa00000, 0x000000070fa00000| Untracked 
| 187|0x000000070fb00000, 0x000000070fb00000, 0x000000070fc00000|  0%| F|  |TAMS 0x000000070fb00000, 0x000000070fb00000| Untracked 
| 188|0x000000070fc00000, 0x000000070fc00000, 0x000000070fd00000|  0%| F|  |TAMS 0x000000070fc00000, 0x000000070fc00000| Untracked 
| 189|0x000000070fd00000, 0x000000070fd00000, 0x000000070fe00000|  0%| F|  |TAMS 0x000000070fd00000, 0x000000070fd00000| Untracked 
| 190|0x000000070fe00000, 0x000000070fe00000, 0x000000070ff00000|  0%| F|  |TAMS 0x000000070fe00000, 0x000000070fe00000| Untracked 
| 191|0x000000070ff00000, 0x000000070ff00000, 0x0000000710000000|  0%| F|  |TAMS 0x000000070ff00000, 0x000000070ff00000| Untracked 
| 192|0x0000000710000000, 0x0000000710000000, 0x0000000710100000|  0%| F|  |TAMS 0x0000000710000000, 0x0000000710000000| Untracked 
| 193|0x0000000710100000, 0x0000000710100000, 0x0000000710200000|  0%| F|  |TAMS 0x0000000710100000, 0x0000000710100000| Untracked 
| 194|0x0000000710200000, 0x0000000710200000, 0x0000000710300000|  0%| F|  |TAMS 0x0000000710200000, 0x0000000710200000| Untracked 
| 195|0x0000000710300000, 0x0000000710300000, 0x0000000710400000|  0%| F|  |TAMS 0x0000000710300000, 0x0000000710300000| Untracked 
| 196|0x0000000710400000, 0x0000000710400000, 0x0000000710500000|  0%| F|  |TAMS 0x0000000710400000, 0x0000000710400000| Untracked 
| 197|0x0000000710500000, 0x0000000710500000, 0x0000000710600000|  0%| F|  |TAMS 0x0000000710500000, 0x0000000710500000| Untracked 
| 198|0x0000000710600000, 0x0000000710600000, 0x0000000710700000|  0%| F|  |TAMS 0x0000000710600000, 0x0000000710600000| Untracked 
| 199|0x0000000710700000, 0x0000000710700000, 0x0000000710800000|  0%| F|  |TAMS 0x0000000710700000, 0x0000000710700000| Untracked 
| 200|0x0000000710800000, 0x0000000710800000, 0x0000000710900000|  0%| F|  |TAMS 0x0000000710800000, 0x0000000710800000| Untracked 
| 201|0x0000000710900000, 0x0000000710900000, 0x0000000710a00000|  0%| F|  |TAMS 0x0000000710900000, 0x0000000710900000| Untracked 
| 202|0x0000000710a00000, 0x0000000710a00000, 0x0000000710b00000|  0%| F|  |TAMS 0x0000000710a00000, 0x0000000710a00000| Untracked 
| 203|0x0000000710b00000, 0x0000000710b00000, 0x0000000710c00000|  0%| F|  |TAMS 0x0000000710b00000, 0x0000000710b00000| Untracked 
| 204|0x0000000710c00000, 0x0000000710c00000, 0x0000000710d00000|  0%| F|  |TAMS 0x0000000710c00000, 0x0000000710c00000| Untracked 
| 205|0x0000000710d00000, 0x0000000710d00000, 0x0000000710e00000|  0%| F|  |TAMS 0x0000000710d00000, 0x0000000710d00000| Untracked 
| 206|0x0000000710e00000, 0x0000000710e00000, 0x0000000710f00000|  0%| F|  |TAMS 0x0000000710e00000, 0x0000000710e00000| Untracked 
| 207|0x0000000710f00000, 0x0000000710f00000, 0x0000000711000000|  0%| F|  |TAMS 0x0000000710f00000, 0x0000000710f00000| Untracked 
| 208|0x0000000711000000, 0x0000000711000000, 0x0000000711100000|  0%| F|  |TAMS 0x0000000711000000, 0x0000000711000000| Untracked 
| 209|0x0000000711100000, 0x0000000711100000, 0x0000000711200000|  0%| F|  |TAMS 0x0000000711100000, 0x0000000711100000| Untracked 
| 210|0x0000000711200000, 0x0000000711200000, 0x0000000711300000|  0%| F|  |TAMS 0x0000000711200000, 0x0000000711200000| Untracked 
| 211|0x0000000711300000, 0x0000000711300000, 0x0000000711400000|  0%| F|  |TAMS 0x0000000711300000, 0x0000000711300000| Untracked 
| 212|0x0000000711400000, 0x0000000711400000, 0x0000000711500000|  0%| F|  |TAMS 0x0000000711400000, 0x0000000711400000| Untracked 
| 213|0x0000000711500000, 0x0000000711500000, 0x0000000711600000|  0%| F|  |TAMS 0x0000000711500000, 0x0000000711500000| Untracked 
| 214|0x0000000711600000, 0x0000000711600000, 0x0000000711700000|  0%| F|  |TAMS 0x0000000711600000, 0x0000000711600000| Untracked 
| 215|0x0000000711700000, 0x0000000711700000, 0x0000000711800000|  0%| F|  |TAMS 0x0000000711700000, 0x0000000711700000| Untracked 
| 216|0x0000000711800000, 0x0000000711800000, 0x0000000711900000|  0%| F|  |TAMS 0x0000000711800000, 0x0000000711800000| Untracked 
| 217|0x0000000711900000, 0x0000000711900000, 0x0000000711a00000|  0%| F|  |TAMS 0x0000000711900000, 0x0000000711900000| Untracked 
| 218|0x0000000711a00000, 0x0000000711a00000, 0x0000000711b00000|  0%| F|  |TAMS 0x0000000711a00000, 0x0000000711a00000| Untracked 
| 219|0x0000000711b00000, 0x0000000711b00000, 0x0000000711c00000|  0%| F|  |TAMS 0x0000000711b00000, 0x0000000711b00000| Untracked 
| 220|0x0000000711c00000, 0x0000000711c00000, 0x0000000711d00000|  0%| F|  |TAMS 0x0000000711c00000, 0x0000000711c00000| Untracked 
| 221|0x0000000711d00000, 0x0000000711d00000, 0x0000000711e00000|  0%| F|  |TAMS 0x0000000711d00000, 0x0000000711d00000| Untracked 
| 222|0x0000000711e00000, 0x0000000711e00000, 0x0000000711f00000|  0%| F|  |TAMS 0x0000000711e00000, 0x0000000711e00000| Untracked 
| 223|0x0000000711f00000, 0x0000000711f00000, 0x0000000712000000|  0%| F|  |TAMS 0x0000000711f00000, 0x0000000711f00000| Untracked 
| 224|0x0000000712000000, 0x0000000712000000, 0x0000000712100000|  0%| F|  |TAMS 0x0000000712000000, 0x0000000712000000| Untracked 
| 225|0x0000000712100000, 0x0000000712100000, 0x0000000712200000|  0%| F|  |TAMS 0x0000000712100000, 0x0000000712100000| Untracked 
| 226|0x0000000712200000, 0x0000000712200000, 0x0000000712300000|  0%| F|  |TAMS 0x0000000712200000, 0x0000000712200000| Untracked 
| 227|0x0000000712300000, 0x0000000712300000, 0x0000000712400000|  0%| F|  |TAMS 0x0000000712300000, 0x0000000712300000| Untracked 
| 228|0x0000000712400000, 0x0000000712400000, 0x0000000712500000|  0%| F|  |TAMS 0x0000000712400000, 0x0000000712400000| Untracked 
| 229|0x0000000712500000, 0x0000000712500000, 0x0000000712600000|  0%| F|  |TAMS 0x0000000712500000, 0x0000000712500000| Untracked 
| 230|0x0000000712600000, 0x0000000712600000, 0x0000000712700000|  0%| F|  |TAMS 0x0000000712600000, 0x0000000712600000| Untracked 
| 231|0x0000000712700000, 0x0000000712700000, 0x0000000712800000|  0%| F|  |TAMS 0x0000000712700000, 0x0000000712700000| Untracked 
| 232|0x0000000712800000, 0x0000000712800000, 0x0000000712900000|  0%| F|  |TAMS 0x0000000712800000, 0x0000000712800000| Untracked 
| 233|0x0000000712900000, 0x0000000712900000, 0x0000000712a00000|  0%| F|  |TAMS 0x0000000712900000, 0x0000000712900000| Untracked 
| 234|0x0000000712a00000, 0x0000000712a00000, 0x0000000712b00000|  0%| F|  |TAMS 0x0000000712a00000, 0x0000000712a00000| Untracked 
| 235|0x0000000712b00000, 0x0000000712b00000, 0x0000000712c00000|  0%| F|  |TAMS 0x0000000712b00000, 0x0000000712b00000| Untracked 
| 236|0x0000000712c00000, 0x0000000712c00000, 0x0000000712d00000|  0%| F|  |TAMS 0x0000000712c00000, 0x0000000712c00000| Untracked 
| 237|0x0000000712d00000, 0x0000000712d00000, 0x0000000712e00000|  0%| F|  |TAMS 0x0000000712d00000, 0x0000000712d00000| Untracked 
| 238|0x0000000712e00000, 0x0000000712e00000, 0x0000000712f00000|  0%| F|  |TAMS 0x0000000712e00000, 0x0000000712e00000| Untracked 
| 239|0x0000000712f00000, 0x0000000712f00000, 0x0000000713000000|  0%| F|  |TAMS 0x0000000712f00000, 0x0000000712f00000| Untracked 
| 240|0x0000000713000000, 0x0000000713000000, 0x0000000713100000|  0%| F|  |TAMS 0x0000000713000000, 0x0000000713000000| Untracked 
| 241|0x0000000713100000, 0x0000000713100000, 0x0000000713200000|  0%| F|  |TAMS 0x0000000713100000, 0x0000000713100000| Untracked 
| 242|0x0000000713200000, 0x0000000713200000, 0x0000000713300000|  0%| F|  |TAMS 0x0000000713200000, 0x0000000713200000| Untracked 
| 243|0x0000000713300000, 0x0000000713300000, 0x0000000713400000|  0%| F|  |TAMS 0x0000000713300000, 0x0000000713300000| Untracked 
| 244|0x0000000713400000, 0x0000000713400000, 0x0000000713500000|  0%| F|  |TAMS 0x0000000713400000, 0x0000000713400000| Untracked 
| 245|0x0000000713500000, 0x0000000713500000, 0x0000000713600000|  0%| F|  |TAMS 0x0000000713500000, 0x0000000713500000| Untracked 
| 246|0x0000000713600000, 0x0000000713600000, 0x0000000713700000|  0%| F|  |TAMS 0x0000000713600000, 0x0000000713600000| Untracked 
| 247|0x0000000713700000, 0x0000000713700000, 0x0000000713800000|  0%| F|  |TAMS 0x0000000713700000, 0x0000000713700000| Untracked 
| 248|0x0000000713800000, 0x0000000713800000, 0x0000000713900000|  0%| F|  |TAMS 0x0000000713800000, 0x0000000713800000| Untracked 
| 249|0x0000000713900000, 0x0000000713900000, 0x0000000713a00000|  0%| F|  |TAMS 0x0000000713900000, 0x0000000713900000| Untracked 
| 250|0x0000000713a00000, 0x0000000713a00000, 0x0000000713b00000|  0%| F|  |TAMS 0x0000000713a00000, 0x0000000713a00000| Untracked 
| 251|0x0000000713b00000, 0x0000000713b00000, 0x0000000713c00000|  0%| F|  |TAMS 0x0000000713b00000, 0x0000000713b00000| Untracked 

Card table byte_map: [0x00000228238e0000,0x00000228240c0000] _byte_map_base: 0x00000228200c0000

Marking Bits (Prev, Next): (CMBitMap*) 0x000002280c534948, (CMBitMap*) 0x000002280c534980
 Prev Bits: [0x00000228248a0000, 0x00000228287a0000)
 Next Bits: [0x00000228287a0000, 0x000002282c6a0000)

Polling page: 0x000002280a490000

Metaspace:

Usage:
  Non-class:     50.82 MB capacity,    49.96 MB ( 98%) used,   693.73 KB (  1%) free+waste,   187.62 KB ( <1%) overhead. 
      Class:      8.11 MB capacity,     7.46 MB ( 92%) used,   572.72 KB (  7%) free+waste,    95.25 KB (  1%) overhead. 
       Both:     58.93 MB capacity,    57.42 MB ( 97%) used,     1.24 MB (  2%) free+waste,   282.88 KB ( <1%) overhead. 

Virtual space:
  Non-class space:       52.00 MB reserved,      50.88 MB ( 98%) committed 
      Class space:        1.00 GB reserved,       8.12 MB ( <1%) committed 
             Both:        1.05 GB reserved,      59.00 MB (  5%) committed 

Chunk freelists:
   Non-Class:  5.38 KB
       Class:  1.75 KB
        Both:  7.12 KB

CodeHeap 'non-profiled nmethods': size=238336Kb used=4933Kb max_used=4933Kb free=233403Kb
 bounds [0x00000228142f0000, 0x00000228147d0000, 0x0000022822bb0000]
CodeHeap 'non-nmethods': size=7424Kb used=1275Kb max_used=1275Kb free=6148Kb
 bounds [0x0000022813bb0000, 0x0000022813e20000, 0x00000228142f0000]
 total_blobs=3896 nmethods=3258 adapters=563
 compilation: disabled (not enough contiguous free space left)
              stopped_count=1, restarted_count=0
 full_count=1

Compilation events (10 events):
Event: 2.332 Thread 0x000002282fd91800 3245       1       org.springframework.beans.factory.support.AbstractBeanDefinition::isPrimary (5 bytes)
Event: 2.332 Thread 0x000002282fd91800 nmethod 3245 0x00000228147bf210 code [0x00000228147bf3a0, 0x00000228147bf458]
Event: 2.332 Thread 0x000002282fd91800 3246       1       org.springframework.beans.factory.support.AbstractBeanDefinition::setPrimary (6 bytes)
Event: 2.332 Thread 0x000002282fd91800 nmethod 3246 0x00000228147bf510 code [0x00000228147bf6a0, 0x00000228147bf758]
Event: 2.332 Thread 0x000002282fd91800 3247       1       org.springframework.beans.factory.support.AbstractBeanDefinition::isNonPublicAccessAllowed (5 bytes)
Event: 2.333 Thread 0x000002282fd91800 nmethod 3247 0x00000228147bf810 code [0x00000228147bf9a0, 0x00000228147bfa58]
Event: 2.333 Thread 0x000002282fd91800 3249       1       org.springframework.beans.factory.support.AbstractBeanDefinition::getLazyInit (5 bytes)
Event: 2.333 Thread 0x000002282fd91800 nmethod 3249 0x00000228147bfb10 code [0x00000228147bfca0, 0x00000228147bfd58]
Event: 2.333 Thread 0x000002282fd91800 3250       1       org.springframework.beans.factory.support.AbstractBeanDefinition::getAutowireMode (5 bytes)
Event: 2.333 Thread 0x000002282fd91800 


GC Heap History (10 events):
Event: 1.113 GC heap after
{Heap after GC invocations=2 (full 0):
 garbage-first heap   total 258048K, used 10025K [0x0000000704000000, 0x0000000800000000)
  region size 1024K, 2 young (2048K), 2 survivors (2048K)
 Metaspace       used 16840K, capacity 17374K, committed 17536K, reserved 1064960K
  class space    used 1872K, capacity 2070K, committed 2176K, reserved 1048576K
}
Event: 1.399 GC heap before
{Heap before GC invocations=2 (full 0):
 garbage-first heap   total 258048K, used 39721K [0x0000000704000000, 0x0000000800000000)
  region size 1024K, 32 young (32768K), 2 survivors (2048K)
 Metaspace       used 20632K, capacity 21212K, committed 21296K, reserved 1069056K
  class space    used 2416K, capacity 2678K, committed 2688K, reserved 1048576K
}
Event: 1.402 GC heap after
{Heap after GC invocations=3 (full 0):
 garbage-first heap   total 258048K, used 11441K [0x0000000704000000, 0x0000000800000000)
  region size 1024K, 3 young (3072K), 3 survivors (3072K)
 Metaspace       used 20632K, capacity 21212K, committed 21296K, reserved 1069056K
  class space    used 2416K, capacity 2678K, committed 2688K, reserved 1048576K
}
Event: 2.809 GC heap before
{Heap before GC invocations=4 (full 0):
 garbage-first heap   total 258048K, used 162993K [0x0000000704000000, 0x0000000800000000)
  region size 1024K, 151 young (154624K), 3 survivors (3072K)
 Metaspace       used 33462K, capacity 34570K, committed 34864K, reserved 1079296K
  class space    used 4228K, capacity 4674K, committed 4736K, reserved 1048576K
}
Event: 2.818 GC heap after
{Heap after GC invocations=5 (full 0):
 garbage-first heap   total 258048K, used 16929K [0x0000000704000000, 0x0000000800000000)
  region size 1024K, 8 young (8192K), 8 survivors (8192K)
 Metaspace       used 33462K, capacity 34570K, committed 34864K, reserved 1079296K
  class space    used 4228K, capacity 4674K, committed 4736K, reserved 1048576K
}
Event: 2.972 GC heap before
{Heap before GC invocations=5 (full 0):
 garbage-first heap   total 258048K, used 30241K [0x0000000704000000, 0x0000000800000000)
  region size 1024K, 22 young (22528K), 8 survivors (8192K)
 Metaspace       used 34751K, capacity 35833K, committed 35920K, reserved 1081344K
  class space    used 4396K, capacity 4838K, committed 4864K, reserved 1048576K
}
Event: 2.980 GC heap after
{Heap after GC invocations=6 (full 0):
 garbage-first heap   total 258048K, used 17553K [0x0000000704000000, 0x0000000800000000)
  region size 1024K, 9 young (9216K), 9 survivors (9216K)
 Metaspace       used 34751K, capacity 35833K, committed 35920K, reserved 1081344K
  class space    used 4396K, capacity 4838K, committed 4864K, reserved 1048576K
}
Event: 4.546 GC heap before
{Heap before GC invocations=7 (full 0):
 garbage-first heap   total 258048K, used 148625K [0x0000000704000000, 0x0000000800000000)
  region size 1024K, 137 young (140288K), 9 survivors (9216K)
 Metaspace       used 48775K, capacity 50232K, committed 50352K, reserved 1093632K
  class space    used 6244K, capacity 6859K, committed 6912K, reserved 1048576K
}
Event: 4.555 GC heap after
{Heap after GC invocations=8 (full 0):
 garbage-first heap   total 258048K, used 23011K [0x0000000704000000, 0x0000000800000000)
  region size 1024K, 14 young (14336K), 14 survivors (14336K)
 Metaspace       used 48775K, capacity 50232K, committed 50352K, reserved 1093632K
  class space    used 6244K, capacity 6859K, committed 6912K, reserved 1048576K
}
Event: 5.687 GC heap before
{Heap before GC invocations=8 (full 0):
 garbage-first heap   total 258048K, used 119267K [0x0000000704000000, 0x0000000800000000)
  region size 1024K, 109 young (111616K), 14 survivors (14336K)
 Metaspace       used 58793K, capacity 60343K, committed 60420K, reserved 1101824K
  class space    used 7638K, capacity 8306K, committed 8320K, reserved 1048576K
}

Deoptimization events (0 events):
No events

Classes redefined (0 events):
No events

Internal exceptions (10 events):
Event: 5.593 Thread 0x000002280c4d3000 Exception <a 'java/lang/ClassNotFoundException'{0x000000070e56a180}: org/springframework/beans/factory/BeanFactoryAwareCustomizer> (0x000000070e56a180) thrown at [./open/src/hotspot/share/classfile/systemDictionary.cpp, line 226]
Event: 5.594 Thread 0x000002280c4d3000 Exception <a 'java/lang/ClassNotFoundException'{0x000000070e586d40}: org/springframework/beans/factory/AwareCustomizer> (0x000000070e586d40) thrown at [./open/src/hotspot/share/classfile/systemDictionary.cpp, line 226]
Event: 5.595 Thread 0x000002280c4d3000 Exception <a 'java/lang/ClassNotFoundException'{0x000000070e5a6718}: org/springframework/context/ApplicationEventPublisherAwareCustomizer> (0x000000070e5a6718) thrown at [./open/src/hotspot/share/classfile/systemDictionary.cpp, line 226]
Event: 5.595 Thread 0x000002280c4d3000 Exception <a 'java/lang/ClassNotFoundException'{0x000000070e5c2e98}: org/springframework/beans/factory/AwareCustomizer> (0x000000070e5c2e98) thrown at [./open/src/hotspot/share/classfile/systemDictionary.cpp, line 226]
Event: 5.602 Thread 0x000002280c4d3000 Exception <a 'java/lang/ClassNotFoundException'{0x000000070e427298}: java/lang/ObjectCustomizer> (0x000000070e427298) thrown at [./open/src/hotspot/share/classfile/systemDictionary.cpp, line 226]
Event: 5.603 Thread 0x000002280c4d3000 Exception <a 'java/lang/ClassNotFoundException'{0x000000070e44a298}: org/springframework/core/io/support/PropertiesLoaderSupportCustomizer> (0x000000070e44a298) thrown at [./open/src/hotspot/share/classfile/systemDictionary.cpp, line 226]
Event: 5.605 Thread 0x000002280c4d3000 Exception <a 'java/lang/ClassNotFoundException'{0x000000070e473108}: org/springframework/beans/factory/config/PropertiesFactoryBeanCustomizer> (0x000000070e473108) thrown at [./open/src/hotspot/share/classfile/systemDictionary.cpp, line 226]
Event: 5.606 Thread 0x000002280c4d3000 Exception <a 'java/lang/ClassNotFoundException'{0x000000070e4a0ca8}: org/springframework/beans/factory/FactoryBeanCustomizer> (0x000000070e4a0ca8) thrown at [./open/src/hotspot/share/classfile/systemDictionary.cpp, line 226]
Event: 5.607 Thread 0x000002280c4d3000 Exception <a 'java/lang/ClassNotFoundException'{0x000000070e4c2100}: org/springframework/beans/factory/InitializingBeanCustomizer> (0x000000070e4c2100) thrown at [./open/src/hotspot/share/classfile/systemDictionary.cpp, line 226]
Event: 5.649 Thread 0x000002280c4d3000 Exception <a 'java/lang/IncompatibleClassChangeError'{0x000000070e03e5a0}: Found class java.lang.Object, but interface was expected> (0x000000070e03e5a0) thrown at [./open/src/hotspot/share/interpreter/linkResolver.cpp, line 838]

Events (10 events):
Event: 5.684 loading class org/hibernate/engine/spi/PersistenceContext$NaturalIdHelper done
Event: 5.684 loading class org/hibernate/engine/internal/EntityEntryContext
Event: 5.684 loading class org/hibernate/engine/internal/EntityEntryContext done
Event: 5.685 loading class org/hibernate/internal/CoreMessageLogger_$logger_ko_KR
Event: 5.685 loading class org/hibernate/internal/CoreMessageLogger_$logger_ko_KR done
Event: 5.685 loading class org/hibernate/internal/CoreMessageLogger_$logger_ko
Event: 5.685 loading class org/hibernate/internal/CoreMessageLogger_$logger_ko done
Event: 5.686 loading class org/hibernate/engine/spi/ActionQueue
Event: 5.686 loading class org/hibernate/engine/spi/ActionQueue done
Event: 5.687 Executing VM operation: CollectForMetadataAllocation


Dynamic libraries:
0x00007ff6b8d80000 - 0x00007ff6b8d90000 	C:\Program Files\Java\jdk-11\bin\java.exe
0x00007ffe66030000 - 0x00007ffe66228000 	C:\Windows\SYSTEM32\ntdll.dll
0x00007ffe65c50000 - 0x00007ffe65d11000 	C:\Windows\System32\KERNEL32.DLL
0x00007ffe636e0000 - 0x00007ffe639d6000 	C:\Windows\System32\KERNELBASE.dll
0x00007ffe63d90000 - 0x00007ffe63e90000 	C:\Windows\System32\ucrtbase.dll
0x00007ffe5bc10000 - 0x00007ffe5bc29000 	C:\Program Files\Java\jdk-11\bin\jli.dll
0x00007ffe58b40000 - 0x00007ffe58b5b000 	C:\Program Files\Java\jdk-11\bin\VCRUNTIME140.dll
0x00007ffe65270000 - 0x00007ffe65320000 	C:\Windows\System32\ADVAPI32.dll
0x00007ffe64d00000 - 0x00007ffe64d9e000 	C:\Windows\System32\msvcrt.dll
0x00007ffe64390000 - 0x00007ffe64430000 	C:\Windows\System32\sechost.dll
0x00007ffe64960000 - 0x00007ffe64a83000 	C:\Windows\System32\RPCRT4.dll
0x00007ffe63cb0000 - 0x00007ffe63cd7000 	C:\Windows\System32\bcrypt.dll
0x00007ffe65df0000 - 0x00007ffe65f8f000 	C:\Windows\System32\USER32.dll
0x00007ffe63c80000 - 0x00007ffe63ca2000 	C:\Windows\System32\win32u.dll
0x00007ffe64cd0000 - 0x00007ffe64cfb000 	C:\Windows\System32\GDI32.dll
0x00007ffe63a30000 - 0x00007ffe63b47000 	C:\Windows\System32\gdi32full.dll
0x00007ffe4e160000 - 0x00007ffe4e3fa000 	C:\Windows\WinSxS\amd64_microsoft.windows.common-controls_6595b64144ccf1df_6.0.19041.4355_none_60b8b9eb71f62e16\COMCTL32.dll
0x00007ffe63be0000 - 0x00007ffe63c7d000 	C:\Windows\System32\msvcp_win.dll
0x00007ffe5b970000 - 0x00007ffe5b97a000 	C:\Windows\SYSTEM32\VERSION.dll
0x00007ffe65320000 - 0x00007ffe6534f000 	C:\Windows\System32\IMM32.DLL
0x00007ffe609c0000 - 0x00007ffe609cc000 	C:\Program Files\Java\jdk-11\bin\vcruntime140_1.dll
0x00007ffe43b40000 - 0x00007ffe43bce000 	C:\Program Files\Java\jdk-11\bin\msvcp140.dll
0x00007ffe0db50000 - 0x00007ffe0e6be000 	C:\Program Files\Java\jdk-11\bin\server\jvm.dll
0x00007ffe64060000 - 0x00007ffe64068000 	C:\Windows\System32\PSAPI.DLL
0x00007ffe52c40000 - 0x00007ffe52c67000 	C:\Windows\SYSTEM32\WINMM.dll
0x00007ffe5e110000 - 0x00007ffe5e119000 	C:\Windows\SYSTEM32\WSOCK32.dll
0x00007ffe64a90000 - 0x00007ffe64afb000 	C:\Windows\System32\WS2_32.dll
0x00007ffe61ef0000 - 0x00007ffe61f02000 	C:\Windows\SYSTEM32\kernel.appcore.dll
0x00007ffe5e050000 - 0x00007ffe5e060000 	C:\Program Files\Java\jdk-11\bin\verify.dll
0x00007ffe61c40000 - 0x00007ffe61e24000 	C:\Windows\SYSTEM32\DBGHELP.DLL
0x00007ffe539e0000 - 0x00007ffe53a14000 	C:\Windows\SYSTEM32\dbgcore.DLL
0x00007ffe63b50000 - 0x00007ffe63bd2000 	C:\Windows\System32\bcryptPrimitives.dll
0x00007ffe53c20000 - 0x00007ffe53c48000 	C:\Program Files\Java\jdk-11\bin\java.dll
0x00007ffe5d360000 - 0x00007ffe5d36a000 	C:\Program Files\Java\jdk-11\bin\jimage.dll
0x00007ffe5d380000 - 0x00007ffe5d38e000 	C:\Program Files\Java\jdk-11\bin\instrument.dll
0x00007ffe54f70000 - 0x00007ffe54f87000 	C:\Program Files\Java\jdk-11\bin\zip.dll
0x00007ffe65480000 - 0x00007ffe65bec000 	C:\Windows\System32\SHELL32.dll
0x00007ffe613d0000 - 0x00007ffe61b6e000 	C:\Windows\SYSTEM32\windows.storage.dll
0x00007ffe64da0000 - 0x00007ffe650f3000 	C:\Windows\System32\combase.dll
0x00007ffe63100000 - 0x00007ffe6312e000 	C:\Windows\SYSTEM32\Wldp.dll
0x00007ffe65d20000 - 0x00007ffe65ded000 	C:\Windows\System32\OLEAUT32.dll
0x00007ffe64430000 - 0x00007ffe644dd000 	C:\Windows\System32\SHCORE.dll
0x00007ffe64070000 - 0x00007ffe640c5000 	C:\Windows\System32\shlwapi.dll
0x00007ffe63610000 - 0x00007ffe63634000 	C:\Windows\SYSTEM32\profapi.dll
0x00007ffe4cf20000 - 0x00007ffe4cf39000 	C:\Program Files\Java\jdk-11\bin\net.dll
0x00007ffe5e2c0000 - 0x00007ffe5e3ca000 	C:\Windows\SYSTEM32\WINHTTP.dll
0x00007ffe62e60000 - 0x00007ffe62eca000 	C:\Windows\system32\mswsock.dll
0x00007ffe4ce80000 - 0x00007ffe4ce92000 	C:\Program Files\Java\jdk-11\bin\nio.dll
0x00007ffe5bbe0000 - 0x00007ffe5bbfa000 	C:\Program Files\JetBrains\IntelliJ IDEA 2024.1.4\bin\breakgen64.dll
0x00007ffe62b30000 - 0x00007ffe62bfa000 	C:\Windows\SYSTEM32\DNSAPI.dll
0x00007ffe62af0000 - 0x00007ffe62b2b000 	C:\Windows\SYSTEM32\IPHLPAPI.DLL
0x00007ffe64950000 - 0x00007ffe64958000 	C:\Windows\System32\NSI.dll
0x00007ffe5c0d0000 - 0x00007ffe5c0da000 	C:\Windows\System32\rasadhlp.dll
0x00007ffe5a420000 - 0x00007ffe5a4a0000 	C:\Windows\System32\fwpuclnt.dll
0x00007ffe5d160000 - 0x00007ffe5d169000 	C:\Program Files\Java\jdk-11\bin\management.dll
0x00007ffe5bc00000 - 0x00007ffe5bc0b000 	C:\Program Files\Java\jdk-11\bin\management_ext.dll
0x00007ffe63060000 - 0x00007ffe63078000 	C:\Windows\SYSTEM32\CRYPTSP.dll
0x00007ffe62710000 - 0x00007ffe62744000 	C:\Windows\system32\rsaenh.dll
0x00007ffe63580000 - 0x00007ffe635ae000 	C:\Windows\SYSTEM32\USERENV.dll
0x00007ffe63050000 - 0x00007ffe6305c000 	C:\Windows\SYSTEM32\CRYPTBASE.dll
0x00007ffe5b980000 - 0x00007ffe5b997000 	C:\Windows\SYSTEM32\dhcpcsvc6.DLL
0x00007ffe5c1a0000 - 0x00007ffe5c1bd000 	C:\Windows\SYSTEM32\dhcpcsvc.DLL
0x00007ffe47b00000 - 0x00007ffe47b17000 	C:\Windows\system32\napinsp.dll
0x00007ffe47ab0000 - 0x00007ffe47acb000 	C:\Windows\system32\pnrpnsp.dll
0x00007ffe5f170000 - 0x00007ffe5f185000 	C:\Windows\system32\wshbth.dll
0x00007ffe5e290000 - 0x00007ffe5e2ad000 	C:\Windows\system32\NLAapi.dll
0x00007ffe47a00000 - 0x00007ffe47a12000 	C:\Windows\System32\winrnr.dll
0x00007ffe4c6f0000 - 0x00007ffe4c717000 	C:\Program Files\Java\jdk-11\bin\sunec.dll
0x00007ffe58a50000 - 0x00007ffe58a5e000 	C:\Program Files\Java\jdk-11\bin\sunmscapi.dll
0x00007ffe63e90000 - 0x00007ffe63fee000 	C:\Windows\System32\CRYPT32.dll
0x00007ffe63170000 - 0x00007ffe63199000 	C:\Windows\SYSTEM32\ncrypt.dll
0x00007ffe63130000 - 0x00007ffe6316b000 	C:\Windows\SYSTEM32\NTASN1.dll

dbghelp: loaded successfully - version: 4.0.5 - missing functions: none
symbol engine: initialized successfully - sym options: 0x614 - pdb path: .;C:\Program Files\Java\jdk-11\bin;C:\Windows\SYSTEM32;C:\Windows\WinSxS\amd64_microsoft.windows.common-controls_6595b64144ccf1df_6.0.19041.4355_none_60b8b9eb71f62e16;C:\Program Files\Java\jdk-11\bin\server;C:\Program Files\JetBrains\IntelliJ IDEA 2024.1.4\bin

VM Arguments:
jvm_args: -XX:TieredStopAtLevel=1 -Xverify:none -Dspring.output.ansi.enabled=always -Dcom.sun.management.jmxremote -Dspring.jmx.enabled=true -Dspring.liveBeansView.mbeanDomain -Dspring.application.admin.enabled=true -Dmanagement.endpoints.jmx.exposure.include=* -javaagent:C:\Program Files\JetBrains\IntelliJ IDEA 2024.1.4\lib\idea_rt.jar=51968:C:\Program Files\JetBrains\IntelliJ IDEA 2024.1.4\bin -Dfile.encoding=UTF-8 
java_command: com.seahere.backend.BackendApplication
java_class_path (initial): C:\Users\ssginc05\Desktop\seahere-backend\out\production\classes;C:\Users\ssginc05\Desktop\seahere-backend\out\production\resources;C:\Users\ssginc05\.gradle\caches\modules-2\files-2.1\org.projectlombok\lombok\1.18.30\f195ee86e6c896ea47a1d39defbe20eb59cd149d\lombok-1.18.30.jar;C:\Users\ssginc05\.gradle\caches\modules-2\files-2.1\com.querydsl\querydsl-collections\5.0.0\ddfdeb00c93ccb72aee097d77ffe81d29523eebe\querydsl-collections-5.0.0.jar;C:\Users\ssginc05\.gradle\caches\modules-2\files-2.1\com.querydsl\querydsl-apt\5.0.0\fa5554c395bdcbe9846242824857a82874ad3223\querydsl-apt-5.0.0.jar;C:\Users\ssginc05\.gradle\caches\modules-2\files-2.1\com.querydsl\querydsl-apt\5.0.0\3c212d03cc42b5297f62bd22e37b737812245085\querydsl-apt-5.0.0-jpa.jar;C:\Users\ssginc05\.gradle\caches\modules-2\files-2.1\org.springframework.boot\spring-boot-starter-data-redis\2.7.18\b71c95695e0382ef2c6fd2ba99c0f715f27ef0d1\spring-boot-starter-data-redis-2.7.18.jar;C:\Users\ssginc05\.gradle\caches\modules-2\files-2.1\org.springframework.boot\spring-boot-starter-mail\2.7.18\7a406a5cc3c83f174e9977cae2cb716016ba3a46\spring-boot-starter-mail-2.7.18.jar;C:\Users\ssginc05\.gradle\caches\modules-2\files-2.1\org.springframework.boot\spring-boot-starter-oauth2-client\2.7.18\eaf4d800048d3770d441fdec5824545668c215da\spring-boot-starter-oauth2-client-2.7.18.jar;C:\Users\ssginc05\.gradle\caches\modules-2\files-2.1\org.springframework.boot\spring-boot-starter-security\2.7.18\5d29a712fd0a5d7b77e348b660e2c0885b215bc4\spring-boot-starter-security-2.7.18.jar;C:\Users\ssginc05\.gradle\caches\modules-2\files-2.1\org.springframework.boot\spring-boot-starter-validation\2.7.18\5c37e1806f7b09b2c0efc7317fbe16be65ced66e\spring-boot-starter-validation-2.7.18.jar;C:\Users\ssginc05\.gradle\caches\modules-2\files-2.1\org.springframework.boot\spring-boot-starter-hateoas\2.7.18\d09c8f10b696ccd8766f45ca73021d98e5a2afa2\spring-boot-starter-hateoas-2.7.18.jar;C:\Users\ssginc05\.gradle\caches\modules-2\files
Launcher Type: SUN_STANDARD

[Global flags]
     bool BytecodeVerificationLocal                = false                                     {product} {command line}
     bool BytecodeVerificationRemote               = false                                     {product} {command line}
     intx CICompilerCount                          = 4                                         {product} {ergonomic}
     uint ConcGCThreads                            = 3                                         {product} {ergonomic}
     uint G1ConcRefinementThreads                  = 10                                        {product} {ergonomic}
   size_t G1HeapRegionSize                         = 1048576                                   {product} {ergonomic}
    uintx GCDrainStackTargetSize                   = 64                                        {product} {ergonomic}
   size_t InitialHeapSize                          = 264241152                                 {product} {ergonomic}
     bool ManagementServer                         = true                                      {product} {command line}
   size_t MarkStackSize                            = 4194304                                   {product} {ergonomic}
   size_t MaxHeapSize                              = 4227858432                                {product} {ergonomic}
   size_t MaxNewSize                               = 2536505344                                {product} {ergonomic}
   size_t MinHeapDeltaBytes                        = 1048576                                   {product} {ergonomic}
    uintx NonNMethodCodeHeapSize                   = 7549744                                {pd product} {ergonomic}
    uintx NonProfiledCodeHeapSize                  = 244108496                              {pd product} {ergonomic}
    uintx ProfiledCodeHeapSize                     = 0                                      {pd product} {ergonomic}
    uintx ReservedCodeCacheSize                    = 251658240                              {pd product} {ergonomic}
     bool SegmentedCodeCache                       = true                                      {product} {ergonomic}
     intx TieredStopAtLevel                        = 1                                         {product} {command line}
     bool UseCompressedClassPointers               = true                                 {lp64_product} {ergonomic}
     bool UseCompressedOops                        = true                                 {lp64_product} {ergonomic}
     bool UseG1GC                                  = true                                      {product} {ergonomic}
     bool UseLargePagesIndividualAllocation        = false                                  {pd product} {ergonomic}

Logging:
Log output configuration:
 #0: stdout all=warning uptime,level,tags
 #1: stderr all=off uptime,level,tags

Environment Variables:
JAVA_HOME=C:\Program Files\Java\jdk-11
PATH=C:\Program Files\Java\jdk-11\bin;C:\Program Files\Common Files\Oracle\Java\javapath;C:\Windows\system32;C:\Windows;C:\Windows\System32\Wbem;C:\Windows\System32\WindowsPowerShell\v1.0\;C:\Windows\System32\OpenSSH\;C:\Program Files\Bandizip\;C:\Program Files\Wondershare\Wondershare DemoCreator (Korean);C:\Program Files\nodejs\;C:\Program Files\Git\cmd;C:\Users\ssginc05\AppData\Local\Microsoft\WindowsApps;C:\Users\ssginc05\AppData\Roaming\npm;C:\Users\ssginc05\AppData\Local\Programs\Microsoft VS Code\bin;C:\Program Files\JetBrains\IntelliJ IDEA 2024.1.4\bin;
USERNAME=ssginc05
OS=Windows_NT
PROCESSOR_IDENTIFIER=Intel64 Family 6 Model 141 Stepping 1, GenuineIntel



---------------  S Y S T E M  ---------------

OS: Windows 10 , 64 bit Build 19041 (10.0.19041.4597)

CPU:total 12 (initial active 12) (6 cores per cpu, 2 threads per core) family 6 model 141 stepping 1 microcode 0x34, cmov, cx8, fxsr, mmx, sse, sse2, sse3, ssse3, sse4.1, sse4.2, popcnt, avx, avx2, aes, clmul, erms, 3dnowpref, lzcnt, ht, tsc, tscinvbit, bmi1, bmi2, adx, evex, sha, fma

Memory: 4k page, system-wide physical 16121M (3381M free)
TotalPageFile size 38277M (AvailPageFile size 47M)
current process WorkingSet (physical memory assigned to process): 303M, peak: 303M
current process commit charge ("private bytes"): 426M, peak: 477M

vm_info: Java HotSpot(TM) 64-Bit Server VM (11.0.22+9-LTS-219) for windows-amd64 JRE (11.0.22+9-LTS-219), built on Dec 19 2023 22:08:21 by "mach5one" with MS VC++ 17.1 (VS2022)

END.
